# JRE version: Java(TM) SE Runtime Environment (8.0_181-b13) (build 1.8.0_181-b13)
# Java VM: Java HotSpot(TM) Client VM (25.181-b13 mixed mode windows-x86 )
Heap:
 def new generation   total 4928K, used 717K [0x04e00000, 0x05350000, 0x0a350000)
  eden space 4416K,   9% used [0x04e00000, 0x04e68068, 0x05250000)
  from space 512K,  58% used [0x052d0000, 0x0531b5a8, 0x05350000)
  to   space 512K,   0% used [0x05250000, 0x05250000, 0x052d0000)
 tenured generation   total 10944K, used 2726K [0x0a350000, 0x0ae00000, 0x14e00000)
   the space 10944K,  24% used [0x0a350000, 0x0a5f9960, 0x0a5f9a00, 0x0ae00000)
 Metaspace       used 9380K, capacity 9596K, committed 9728K, reserved 10624K
GC Heap History (10 events):
Event: 12.749 GC heap before
{Heap before GC invocations=6 (full 0):
 def new generation   total 4928K, used 4648K [0x04e00000, 0x05350000, 0x0a350000)
  eden space 4416K, 100% used [0x04e00000, 0x05250000, 0x05250000)
  from space 512K,  45% used [0x05250000, 0x0528a058, 0x052d0000)
  to   space 512K,   0% used [0x052d0000, 0x052d0000, 0x05350000)
 tenured generation   total 10944K, used 2412K [0x0a350000, 0x0ae00000, 0x14e00000)
   the space 10944K,  22% used [0x0a350000, 0x0a5ab168, 0x0a5ab200, 0x0ae00000)
 Metaspace       used 9330K, capacity 9530K, committed 9600K, reserved 9600K
Event: 12.752 GC heap after
Heap after GC invocations=7 (full 0):
 def new generation   total 4928K, used 329K [0x04e00000, 0x05350000, 0x0a350000)
  eden space 4416K,   0% used [0x04e00000, 0x04e00000, 0x05250000)
  from space 512K,  64% used [0x052d0000, 0x05322578, 0x05350000)
  to   space 512K,   0% used [0x05250000, 0x05250000, 0x052d0000)
 tenured generation   total 10944K, used 2412K [0x0a350000, 0x0ae00000, 0x14e00000)
   the space 10944K,  22% used [0x0a350000, 0x0a5ab168, 0x0a5ab200, 0x0ae00000)
 Metaspace       used 9330K, capacity 9530K, committed 9600K, reserved 9600K
}
Event: 13.269 GC heap before
{Heap before GC invocations=7 (full 0):
 def new generation   total 4928K, used 4745K [0x04e00000, 0x05350000, 0x0a350000)
  eden space 4416K, 100% used [0x04e00000, 0x05250000, 0x05250000)
  from space 512K,  64% used [0x052d0000, 0x05322578, 0x05350000)
  to   space 512K,   0% used [0x05250000, 0x05250000, 0x052d0000)
 tenured generation   total 10944K, used 2412K [0x0a350000, 0x0ae00000, 0x14e00000)
   the space 10944K,  22% used [0x0a350000, 0x0a5ab168, 0x0a5ab200, 0x0ae00000)
 Metaspace       used 9330K, capacity 9530K, committed 9600K, reserved 9600K
Event: 13.273 GC heap after
Heap after GC invocations=8 (full 0):
 def new generation   total 4928K, used 353K [0x04e00000, 0x05350000, 0x0a350000)
  eden space 4416K,   0% used [0x04e00000, 0x04e00000, 0x05250000)
  from space 512K,  69% used [0x05250000, 0x052a8630, 0x052d0000)
  to   space 512K,   0% used [0x052d0000, 0x052d0000, 0x05350000)
 tenured generation   total 10944K, used 2496K [0x0a350000, 0x0ae00000, 0x14e00000)
   the space 10944K,  22% used [0x0a350000, 0x0a5c0068, 0x0a5c0200, 0x0ae00000)
 Metaspace       used 9330K, capacity 9530K, committed 9600K, reserved 9600K
}
Event: 13.920 GC heap before
{Heap before GC invocations=8 (full 0):
 def new generation   total 4928K, used 4769K [0x04e00000, 0x05350000, 0x0a350000)
  eden space 4416K, 100% used [0x04e00000, 0x05250000, 0x05250000)
  from space 512K,  69% used [0x05250000, 0x052a8630, 0x052d0000)
  to   space 512K,   0% used [0x052d0000, 0x052d0000, 0x05350000)
 tenured generation   total 10944K, used 2496K [0x0a350000, 0x0ae00000, 0x14e00000)
   the space 10944K,  22% used [0x0a350000, 0x0a5c0068, 0x0a5c0200, 0x0ae00000)
 Metaspace       used 9330K, capacity 9530K, committed 9600K, reserved 9600K
Event: 13.925 GC heap after
Heap after GC invocations=9 (full 0):
 def new generation   total 4928K, used 314K [0x04e00000, 0x05350000, 0x0a350000)
  eden space 4416K,   0% used [0x04e00000, 0x04e00000, 0x05250000)
  from space 512K,  61% used [0x052d0000, 0x0531ebf0, 0x05350000)
  to   space 512K,   0% used [0x05250000, 0x05250000, 0x052d0000)
 tenured generation   total 10944K, used 2630K [0x0a350000, 0x0ae00000, 0x14e00000)
   the space 10944K,  24% used [0x0a350000, 0x0a5e1830, 0x0a5e1a00, 0x0ae00000)
 Metaspace       used 9330K, capacity 9530K, committed 9600K, reserved 9600K
}
Event: 14.669 GC heap before
{Heap before GC invocations=9 (full 0):
 def new generation   total 4928K, used 4730K [0x04e00000, 0x05350000, 0x0a350000)
  eden space 4416K, 100% used [0x04e00000, 0x05250000, 0x05250000)
  from space 512K,  61% used [0x052d0000, 0x0531ebf0, 0x05350000)
  to   space 512K,   0% used [0x05250000, 0x05250000, 0x052d0000)
 tenured generation   total 10944K, used 2630K [0x0a350000, 0x0ae00000, 0x14e00000)
   the space 10944K,  24% used [0x0a350000, 0x0a5e1830, 0x0a5e1a00, 0x0ae00000)
 Metaspace       used 9330K, capacity 9530K, committed 9600K, reserved 9600K
Event: 14.672 GC heap after
Heap after GC invocations=10 (full 0):
 def new generation   total 4928K, used 251K [0x04e00000, 0x05350000, 0x0a350000)
  eden space 4416K,   0% used [0x04e00000, 0x04e00000, 0x05250000)
  from space 512K,  49% used [0x05250000, 0x0528eca0, 0x052d0000)
  to   space 512K,   0% used [0x052d0000, 0x052d0000, 0x05350000)
 tenured generation   total 10944K, used 2726K [0x0a350000, 0x0ae00000, 0x14e00000)
   the space 10944K,  24% used [0x0a350000, 0x0a5f9960, 0x0a5f9a00, 0x0ae00000)
 Metaspace       used 9330K, capacity 9530K, committed 9600K, reserved 9600K
}
Event: 51.096 GC heap before
{Heap before GC invocations=10 (full 0):
 def new generation   total 4928K, used 4667K [0x04e00000, 0x05350000, 0x0a350000)
  eden space 4416K, 100% used [0x04e00000, 0x05250000, 0x05250000)
  from space 512K,  49% used [0x05250000, 0x0528eca0, 0x052d0000)
  to   space 512K,   0% used [0x052d0000, 0x052d0000, 0x05350000)
 tenured generation   total 10944K, used 2726K [0x0a350000, 0x0ae00000, 0x14e00000)
   the space 10944K,  24% used [0x0a350000, 0x0a5f9960, 0x0a5f9a00, 0x0ae00000)
 Metaspace       used 9375K, capacity 9594K, committed 9728K, reserved 10624K
Event: 51.099 GC heap after
Heap after GC invocations=11 (full 0):
 def new generation   total 4928K, used 301K [0x04e00000, 0x05350000, 0x0a350000)
  eden space 4416K,   0% used [0x04e00000, 0x04e00000, 0x05250000)
  from space 512K,  58% used [0x052d0000, 0x0531b5a8, 0x05350000)
  to   space 512K,   0% used [0x05250000, 0x05250000, 0x052d0000)
 tenured generation   total 10944K, used 2726K [0x0a350000, 0x0ae00000, 0x14e00000)
   the space 10944K,  24% used [0x0a350000, 0x0a5f9960, 0x0a5f9a00, 0x0ae00000)
 Metaspace       used 9375K, capacity 9594K, committed 9728K, reserved 10624K
}

