# JRE version: Java(TM) SE Runtime Environment (8.0_181-b13) (build 1.8.0_181-b13)
# Java VM: Java HotSpot(TM) Client VM (25.181-b13 mixed mode windows-x86 )
Heap:
 def new generation   total 4928K, used 1227K [0x04c00000, 0x05150000, 0x0a150000)
  eden space 4416K,  18% used [0x04c00000, 0x04ccd108, 0x05050000)
  from space 512K,  79% used [0x05050000, 0x050b5ce0, 0x050d0000)
  to   space 512K,   0% used [0x050d0000, 0x050d0000, 0x05150000)
 tenured generation   total 10944K, used 2706K [0x0a150000, 0x0ac00000, 0x14c00000)
   the space 10944K,  24% used [0x0a150000, 0x0a3f4b80, 0x0a3f4c00, 0x0ac00000)
 Metaspace       used 8600K, capacity 8798K, committed 8832K, reserved 9600K
GC Heap History (4 events):
Event: 0.793 GC heap before
{Heap before GC invocations=0 (full 0):
 def new generation   total 4928K, used 4416K [0x04c00000, 0x05150000, 0x0a150000)
  eden space 4416K, 100% used [0x04c00000, 0x05050000, 0x05050000)
  from space 512K,   0% used [0x05050000, 0x05050000, 0x050d0000)
  to   space 512K,   0% used [0x050d0000, 0x050d0000, 0x05150000)
 tenured generation   total 10944K, used 0K [0x0a150000, 0x0ac00000, 0x14c00000)
   the space 10944K,   0% used [0x0a150000, 0x0a150000, 0x0a150200, 0x0ac00000)
 Metaspace       used 7239K, capacity 7478K, committed 7552K, reserved 7552K
Event: 0.802 GC heap after
Heap after GC invocations=1 (full 0):
 def new generation   total 4928K, used 512K [0x04c00000, 0x05150000, 0x0a150000)
  eden space 4416K,   0% used [0x04c00000, 0x04c00000, 0x05050000)
  from space 512K, 100% used [0x050d0000, 0x05150000, 0x05150000)
  to   space 512K,   0% used [0x05050000, 0x05050000, 0x050d0000)
 tenured generation   total 10944K, used 1077K [0x0a150000, 0x0ac00000, 0x14c00000)
   the space 10944K,   9% used [0x0a150000, 0x0a25d4c0, 0x0a25d600, 0x0ac00000)
 Metaspace       used 7239K, capacity 7478K, committed 7552K, reserved 7552K
}
Event: 10.828 GC heap before
{Heap before GC invocations=1 (full 0):
 def new generation   total 4928K, used 4928K [0x04c00000, 0x05150000, 0x0a150000)
  eden space 4416K, 100% used [0x04c00000, 0x05050000, 0x05050000)
  from space 512K, 100% used [0x050d0000, 0x05150000, 0x05150000)
  to   space 512K,   0% used [0x05050000, 0x05050000, 0x050d0000)
 tenured generation   total 10944K, used 1077K [0x0a150000, 0x0ac00000, 0x14c00000)
   the space 10944K,   9% used [0x0a150000, 0x0a25d4c0, 0x0a25d600, 0x0ac00000)
 Metaspace       used 8558K, capacity 8766K, committed 8832K, reserved 9600K
Event: 10.835 GC heap after
Heap after GC invocations=2 (full 0):
 def new generation   total 4928K, used 407K [0x04c00000, 0x05150000, 0x0a150000)
  eden space 4416K,   0% used [0x04c00000, 0x04c00000, 0x05050000)
  from space 512K,  79% used [0x05050000, 0x050b5ce0, 0x050d0000)
  to   space 512K,   0% used [0x050d0000, 0x050d0000, 0x05150000)
 tenured generation   total 10944K, used 2706K [0x0a150000, 0x0ac00000, 0x14c00000)
   the space 10944K,  24% used [0x0a150000, 0x0a3f4b80, 0x0a3f4c00, 0x0ac00000)
 Metaspace       used 8558K, capacity 8766K, committed 8832K, reserved 9600K
}

